[35m[Appium][39m Welcome to Appium v1.16.0
[35m[Appium][39m Non-default server args:
[35m[Appium][39m   port: 57932
[35m[Appium][39m   loglevel: info
[35m[Appium][39m   chromeDriverPort: 57935
[35m[Appium][39m   tmpDir: D:\Users\sunitakac\AppData\Local\Temp\\Katalon\Appium\Temp1591614873425
[35m[Appium][39m Appium REST http interface listener started on 0.0.0.0:57932
[35m[HTTP][39m [37m-->[39m [37mGET[39m [37m/wd/hub/status[39m
[35m[HTTP][39m [90m{}[39m
[35m[HTTP][39m [37m<-- GET /wd/hub/status [39m[32m200[39m [90m6 ms - 68[39m
[35m[HTTP][39m [90m[39m
[35m[HTTP][39m [37m-->[39m [37mGET[39m [37m/wd/hub/status[39m
[35m[HTTP][39m [90m{}[39m
[35m[HTTP][39m [37m<-- GET /wd/hub/status [39m[32m200[39m [90m2 ms - 68[39m
[35m[HTTP][39m [90m[39m
[35m[HTTP][39m [37m-->[39m [37mPOST[39m [37m/wd/hub/session[39m
[35m[HTTP][39m [90m{"desiredCapabilities":{"app":"D:\\Users\\sunitakac\\Downloads\\last_mile_v_0.0.7.apk","noReset":true,"deviceName":"samsung SM-G970U1 (Android 10)","fullReset":false,"platform":"ANDROID","newCommandTimeout":1800,"platformVersion":"10","automationName":"uiautomator2","autoGrantPermissions":true,"platformName":"Android","udid":"R38M7035KNW","systemPort":57956},"capabilities":{"firstMatch":[{"appium:app":"D:\\Users\\sunitakac\\Downloads\\last_mile_v_0.0.7.apk","appium:autoGrantPermissions":true,"appium:automationName":"uiautomator2","appium:deviceName":"samsung SM-G970U1 (Android 10)","appium:fullReset":false,"appium:newCommandTimeout":1800,"appium:noReset":true,"platform":"ANDROID","platformName":"android","appium:platformVersion":"10","appium:systemPort":57956,"appium:udid":"R38M7035KNW"}]}}[39m
[35m[BaseDriver][39m The capabilities ["platform"] are not standard capabilities and should have an extension prefix
[35m[Appium][39m Appium v1.16.0 creating new AndroidUiautomator2Driver (v1.40.0) session
[35m[BaseDriver][39m The following capabilities were provided, but are not recognized by Appium:
[35m[BaseDriver][39m   platform
[35m[BaseDriver][39m Session created with session id: 3c4bd73c-353b-4cb1-a5fe-5e8f3290ac50
[35m[BaseDriver][39m Using local app 'D:\Users\sunitakac\Downloads\last_mile_v_0.0.7.apk'
[35m[ADB][39m Found 1 'build-tools' folders under 'D:\Users\sunitakac\.katalon\tools\android_sdk' (newest first):
[35m[ADB][39m     D:/Users/sunitakac/.katalon/tools/android_sdk/build-tools/29.0.3
[35m[ADB][39m Using 'adb.exe' from 'D:\Users\sunitakac\.katalon\tools\android_sdk\platform-tools\adb.exe'
[35m[AndroidDriver][39m Retrieving device list
[35m[AndroidDriver][39m Using device: R38M7035KNW
[35m[ADB][39m Using 'adb.exe' from 'D:\Users\sunitakac\.katalon\tools\android_sdk\platform-tools\adb.exe'
[35m[UiAutomator2][39m Relaxing hidden api policy
[35m[ADB][39m Package name: 'th.co.gosoft.lastmile'
[35m[ADB][39m Main activity name: 'th.co.gosoft.lastmile.MainActivity'
[35m[ADB][39m Using 'apksigner.bat' from 'D:\Users\sunitakac\.katalon\tools\android_sdk\build-tools\29.0.3\apksigner.bat'
[35m[UiAutomator2][39m Server packages are not going to be (re)installed
[35m[ADB][39m Using 'zipalign.exe' from 'D:\Users\sunitakac\.katalon\tools\android_sdk\build-tools\29.0.3\zipalign.exe'
[35m[UiAutomator2][39m Starting UIAutomator2 server 4.5.2
[35m[UiAutomator2][39m Using UIAutomator2 server from 'D:\Users\sunitakac\AppData\Roaming\npm\node_modules\appium\node_modules\appium-uiautomator2-server\apks\appium-uiautomator2-server-v4.5.2.apk' and test from 'D:\Users\sunitakac\AppData\Roaming\npm\node_modules\appium\node_modules\appium-uiautomator2-server\apks\appium-uiautomator2-server-debug-androidTest.apk'
[35m[UiAutomator2][39m Waiting up to 30000ms for UiAutomator2 to be online...
[35m[WD Proxy][39m Got an unexpected response with status undefined: {"code":"ECONNRESET"}
[35m[WD Proxy][39m Got an unexpected response with status undefined: {"code":"ECONNRESET"}
[35m[WD Proxy][39m Determined the downstream protocol as 'W3C'
[35m[AndroidDriver][39m Screen already unlocked, doing nothing
[35m[UiAutomator2][39m Starting 'th.co.gosoft.lastmile/th.co.gosoft.lastmile.MainActivity and waiting for 'th.co.gosoft.lastmile/th.co.gosoft.lastmile.MainActivity'
[35m[Appium][39m New AndroidUiautomator2Driver session created successfully, session 3c4bd73c-353b-4cb1-a5fe-5e8f3290ac50 added to master session list
[35m[HTTP][39m [37m<-- POST /wd/hub/session [39m[32m200[39m [90m22912 ms - 1215[39m
[35m[HTTP][39m [90m[39m
[35m[HTTP][39m [37m-->[39m [37mGET[39m [37m/wd/hub/session/3c4bd73c-353b-4cb1-a5fe-5e8f3290ac50[39m
[35m[HTTP][39m [90m{}[39m
[35m[HTTP][39m [37m<-- GET /wd/hub/session/3c4bd73c-353b-4cb1-a5fe-5e8f3290ac50 [39m[32m200[39m [90m13 ms - 1147[39m
[35m[HTTP][39m [90m[39m
[35m[HTTP][39m [37m-->[39m [37mGET[39m [37m/wd/hub/session/3c4bd73c-353b-4cb1-a5fe-5e8f3290ac50[39m
[35m[HTTP][39m [90m{}[39m
[35m[HTTP][39m [37m<-- GET /wd/hub/session/3c4bd73c-353b-4cb1-a5fe-5e8f3290ac50 [39m[32m200[39m [90m11 ms - 1147[39m
[35m[HTTP][39m [90m[39m
[35m[HTTP][39m [37m-->[39m [37mGET[39m [37m/wd/hub/status[39m
[35m[HTTP][39m [90m{}[39m
[35m[HTTP][39m [37m<-- GET /wd/hub/status [39m[32m200[39m [90m1 ms - 68[39m
[35m[HTTP][39m [90m[39m
[35m[HTTP][39m [37m-->[39m [37mPOST[39m [37m/wd/hub/session/3c4bd73c-353b-4cb1-a5fe-5e8f3290ac50/timeouts[39m
[35m[HTTP][39m [90m{"implicit":60000}[39m
[35m[HTTP][39m [37m<-- POST /wd/hub/session/3c4bd73c-353b-4cb1-a5fe-5e8f3290ac50/timeouts [39m[32m200[39m [90m2 ms - 14[39m
[35m[HTTP][39m [90m[39m
[35m[HTTP][39m [37m-->[39m [37mGET[39m [37m/wd/hub/session/3c4bd73c-353b-4cb1-a5fe-5e8f3290ac50/source[39m
[35m[HTTP][39m [90m{}[39m
[35m[W3C (3c4bd73c)][39m Driver proxy active, passing request on via HTTP proxy
[35m[WD Proxy][39m Replacing sessionId 7db42764-2097-4367-a8e1-b014806491c1 with 3c4bd73c-353b-4cb1-a5fe-5e8f3290ac50
[35m[HTTP][39m [37m<-- GET /wd/hub/session/3c4bd73c-353b-4cb1-a5fe-5e8f3290ac50/source [39m[32m200[39m [90m759 ms - 16478[39m
[35m[HTTP][39m [90m[39m
[35m[HTTP][39m [37m-->[39m [37mGET[39m [37m/wd/hub/session/3c4bd73c-353b-4cb1-a5fe-5e8f3290ac50/screenshot[39m
[35m[HTTP][39m [90m{}[39m
[35m[HTTP][39m [37m<-- GET /wd/hub/session/3c4bd73c-353b-4cb1-a5fe-5e8f3290ac50/screenshot [39m[32m200[39m [90m525 ms - 453266[39m
[35m[HTTP][39m [90m[39m
[35m[HTTP][39m [37m-->[39m [37mDELETE[39m [37m/wd/hub/session/3c4bd73c-353b-4cb1-a5fe-5e8f3290ac50[39m
[35m[HTTP][39m [90m{}[39m
[35m[Appium][39m Removing session 3c4bd73c-353b-4cb1-a5fe-5e8f3290ac50 from our master session list
[35m[UiAutomator2][39m Restoring hidden api policy to the device default configuration
[35m[HTTP][39m [37m<-- DELETE /wd/hub/session/3c4bd73c-353b-4cb1-a5fe-5e8f3290ac50 [39m[32m200[39m [90m1150 ms - 14[39m
[35m[HTTP][39m [90m[39m
